<?xml version="1.0" encoding="UTF-8"?>
<!-- Generated by org.testng.reporters.JUnitReportReporter -->
<testsuite hostname="win2019" failures="0" tests="1" name="com.navigationCommand.forwardURL" time="27.104" errors="0" timestamp="2024-08-20T21:22:59 PDT" skipped="0">
  <testcase classname="com.navigationCommand.forwardURL" name="navigateForward" time="27.104"/>
  <system-out/>
</testsuite> <!-- com.navigationCommand.forwardURL -->
