<?xml version="1.0" encoding="UTF-8"?>
<!-- Generated by org.testng.reporters.JUnitReportReporter -->
<testsuite hostname="win2019" failures="0" tests="1" name="com.BrowserCommand.testBrowserCommand" time="8.604" errors="0" timestamp="2024-08-20T02:08:41 PDT" skipped="0">
  <testcase classname="com.BrowserCommand.testBrowserCommand" name="BreowserCommandTest" time="8.604"/>
  <system-out/>
</testsuite> <!-- com.BrowserCommand.testBrowserCommand -->
